2012-06-26 21:31:36
Full thread dump Java HotSpot(TM) Server VM (20.6-b01 mixed mode):

"Attach Listener" daemon prio=10 tid=0x50e08000 nid=0x147b waiting on condition [0x00000000]
   java.lang.Thread.State: RUNNABLE

   Locked ownable synchronizers:
	- None

"http-127.0.0.1-8080-3" daemon prio=10 tid=0x44c71000 nid=0x1396 waiting on condition [0x493fe000]
   java.lang.Thread.State: TIMED_WAITING (sleeping)
	at java.lang.Thread.sleep(Native Method)
	at com.kylin.troubleshooting.hang.Counter.getCount(Counter.java:14)
	- locked <0x552383e0> (a java.lang.Class for com.kylin.troubleshooting.hang.Counter)
	at com.kylin.troubleshooting.hang.CountServlet.doPost(CountServlet.java:20)
	at com.kylin.troubleshooting.hang.CountServlet.doGet(CountServlet.java:15)
	at javax.servlet.http.HttpServlet.service(HttpServlet.java:617)
	at javax.servlet.http.HttpServlet.service(HttpServlet.java:717)
	at org.apache.catalina.core.ApplicationFilterChain.internalDoFilter(ApplicationFilterChain.java:290)
	at org.apache.catalina.core.ApplicationFilterChain.doFilter(ApplicationFilterChain.java:206)
	at org.jboss.web.tomcat.filters.ReplyHeaderFilter.doFilter(ReplyHeaderFilter.java:96)
	at org.apache.catalina.core.ApplicationFilterChain.internalDoFilter(ApplicationFilterChain.java:235)
	at org.apache.catalina.core.ApplicationFilterChain.doFilter(ApplicationFilterChain.java:206)
	at org.apache.catalina.core.StandardWrapperValve.invoke(StandardWrapperValve.java:235)
	at org.apache.catalina.core.StandardContextValve.invoke(StandardContextValve.java:191)
	at org.jboss.web.tomcat.security.SecurityAssociationValve.invoke(SecurityAssociationValve.java:183)
	at org.jboss.web.tomcat.security.JaccContextValve.invoke(JaccContextValve.java:95)
	at org.jboss.web.tomcat.security.SecurityContextEstablishmentValve.process(SecurityContextEstablishmentValve.java:126)
	at org.jboss.web.tomcat.security.SecurityContextEstablishmentValve.invoke(SecurityContextEstablishmentValve.java:70)
	at org.apache.catalina.core.StandardHostValve.invoke(StandardHostValve.java:127)
	at org.apache.catalina.valves.ErrorReportValve.invoke(ErrorReportValve.java:102)
	at org.jboss.web.tomcat.service.jca.CachedConnectionValve.invoke(CachedConnectionValve.java:158)
	at org.apache.catalina.valves.AccessLogValve.invoke(AccessLogValve.java:566)
	at org.apache.catalina.core.StandardEngineValve.invoke(StandardEngineValve.java:109)
	at org.jboss.web.tomcat.service.request.ActiveRequestResponseCacheValve.internalProcess(ActiveRequestResponseCacheValve.java:74)
	at org.jboss.web.tomcat.service.request.ActiveRequestResponseCacheValve.invoke(ActiveRequestResponseCacheValve.java:47)
	at org.apache.catalina.connector.CoyoteAdapter.service(CoyoteAdapter.java:330)
	at org.apache.coyote.http11.Http11Processor.process(Http11Processor.java:829)
	at org.apache.coyote.http11.Http11Protocol$Http11ConnectionHandler.process(Http11Protocol.java:599)
	at org.apache.tomcat.util.net.JIoEndpoint$Worker.run(JIoEndpoint.java:451)
	at java.lang.Thread.run(Thread.java:662)

   Locked ownable synchronizers:
	- None

"http-127.0.0.1-8080-2" daemon prio=10 tid=0x44d4f400 nid=0x1389 waiting for monitor entry [0x49aad000]
   java.lang.Thread.State: BLOCKED (on object monitor)
	at com.kylin.troubleshooting.hang.Counter.getCount(Counter.java:14)
	- waiting to lock <0x552383e0> (a java.lang.Class for com.kylin.troubleshooting.hang.Counter)
	at com.kylin.troubleshooting.hang.CountServlet.doPost(CountServlet.java:20)
	at com.kylin.troubleshooting.hang.CountServlet.doGet(CountServlet.java:15)
	at javax.servlet.http.HttpServlet.service(HttpServlet.java:617)
	at javax.servlet.http.HttpServlet.service(HttpServlet.java:717)
	at org.apache.catalina.core.ApplicationFilterChain.internalDoFilter(ApplicationFilterChain.java:290)
	at org.apache.catalina.core.ApplicationFilterChain.doFilter(ApplicationFilterChain.java:206)
	at org.jboss.web.tomcat.filters.ReplyHeaderFilter.doFilter(ReplyHeaderFilter.java:96)
	at org.apache.catalina.core.ApplicationFilterChain.internalDoFilter(ApplicationFilterChain.java:235)
	at org.apache.catalina.core.ApplicationFilterChain.doFilter(ApplicationFilterChain.java:206)
	at org.apache.catalina.core.StandardWrapperValve.invoke(StandardWrapperValve.java:235)
	at org.apache.catalina.core.StandardContextValve.invoke(StandardContextValve.java:191)
	at org.jboss.web.tomcat.security.SecurityAssociationValve.invoke(SecurityAssociationValve.java:183)
	at org.jboss.web.tomcat.security.JaccContextValve.invoke(JaccContextValve.java:95)
	at org.jboss.web.tomcat.security.SecurityContextEstablishmentValve.process(SecurityContextEstablishmentValve.java:126)
	at org.jboss.web.tomcat.security.SecurityContextEstablishmentValve.invoke(SecurityContextEstablishmentValve.java:70)
	at org.apache.catalina.core.StandardHostValve.invoke(StandardHostValve.java:127)
	at org.apache.catalina.valves.ErrorReportValve.invoke(ErrorReportValve.java:102)
	at org.jboss.web.tomcat.service.jca.CachedConnectionValve.invoke(CachedConnectionValve.java:158)
	at org.apache.catalina.valves.AccessLogValve.invoke(AccessLogValve.java:566)
	at org.apache.catalina.core.StandardEngineValve.invoke(StandardEngineValve.java:109)
	at org.jboss.web.tomcat.service.request.ActiveRequestResponseCacheValve.internalProcess(ActiveRequestResponseCacheValve.java:74)
	at org.jboss.web.tomcat.service.request.ActiveRequestResponseCacheValve.invoke(ActiveRequestResponseCacheValve.java:47)
	at org.apache.catalina.connector.CoyoteAdapter.service(CoyoteAdapter.java:330)
	at org.apache.coyote.http11.Http11Processor.process(Http11Processor.java:829)
	at org.apache.coyote.http11.Http11Protocol$Http11ConnectionHandler.process(Http11Protocol.java:599)
	at org.apache.tomcat.util.net.JIoEndpoint$Worker.run(JIoEndpoint.java:451)
	at java.lang.Thread.run(Thread.java:662)

   Locked ownable synchronizers:
	- None

"http-127.0.0.1-8080-1" daemon prio=10 tid=0x471fc800 nid=0x1364 waiting for monitor entry [0x50f7d000]
   java.lang.Thread.State: BLOCKED (on object monitor)
	at com.kylin.troubleshooting.hang.Counter.getCount(Counter.java:14)
	- waiting to lock <0x552383e0> (a java.lang.Class for com.kylin.troubleshooting.hang.Counter)
	at com.kylin.troubleshooting.hang.CountServlet.doPost(CountServlet.java:20)
	at com.kylin.troubleshooting.hang.CountServlet.doGet(CountServlet.java:15)
	at javax.servlet.http.HttpServlet.service(HttpServlet.java:617)
	at javax.servlet.http.HttpServlet.service(HttpServlet.java:717)
	at org.apache.catalina.core.ApplicationFilterChain.internalDoFilter(ApplicationFilterChain.java:290)
	at org.apache.catalina.core.ApplicationFilterChain.doFilter(ApplicationFilterChain.java:206)
	at org.jboss.web.tomcat.filters.ReplyHeaderFilter.doFilter(ReplyHeaderFilter.java:96)
	at org.apache.catalina.core.ApplicationFilterChain.internalDoFilter(ApplicationFilterChain.java:235)
	at org.apache.catalina.core.ApplicationFilterChain.doFilter(ApplicationFilterChain.java:206)
	at org.apache.catalina.core.StandardWrapperValve.invoke(StandardWrapperValve.java:235)
	at org.apache.catalina.core.StandardContextValve.invoke(StandardContextValve.java:191)
	at org.jboss.web.tomcat.security.SecurityAssociationValve.invoke(SecurityAssociationValve.java:183)
	at org.jboss.web.tomcat.security.JaccContextValve.invoke(JaccContextValve.java:95)
	at org.jboss.web.tomcat.security.SecurityContextEstablishmentValve.process(SecurityContextEstablishmentValve.java:126)
	at org.jboss.web.tomcat.security.SecurityContextEstablishmentValve.invoke(SecurityContextEstablishmentValve.java:70)
	at org.apache.catalina.core.StandardHostValve.invoke(StandardHostValve.java:127)
	at org.apache.catalina.valves.ErrorReportValve.invoke(ErrorReportValve.java:102)
	at org.jboss.web.tomcat.service.jca.CachedConnectionValve.invoke(CachedConnectionValve.java:158)
	at org.apache.catalina.valves.AccessLogValve.invoke(AccessLogValve.java:566)
	at org.apache.catalina.core.StandardEngineValve.invoke(StandardEngineValve.java:109)
	at org.jboss.web.tomcat.service.request.ActiveRequestResponseCacheValve.internalProcess(ActiveRequestResponseCacheValve.java:74)
	at org.jboss.web.tomcat.service.request.ActiveRequestResponseCacheValve.invoke(ActiveRequestResponseCacheValve.java:47)
	at org.apache.catalina.connector.CoyoteAdapter.service(CoyoteAdapter.java:330)
	at org.apache.coyote.http11.Http11Processor.process(Http11Processor.java:829)
	at org.apache.coyote.http11.Http11Protocol$Http11ConnectionHandler.process(Http11Protocol.java:599)
	at org.apache.tomcat.util.net.JIoEndpoint$Worker.run(JIoEndpoint.java:451)
	at java.lang.Thread.run(Thread.java:662)

   Locked ownable synchronizers:
	- None

"ajp-127.0.0.1-8009-Acceptor-0" daemon prio=10 tid=0x459fd800 nid=0x1350 runnable [0x4935c000]
   java.lang.Thread.State: RUNNABLE
	at java.net.PlainSocketImpl.socketAccept(Native Method)
	at java.net.PlainSocketImpl.accept(PlainSocketImpl.java:408)
	- locked <0x64efff30> (a java.net.SocksSocketImpl)
	at java.net.ServerSocket.implAccept(ServerSocket.java:462)
	at java.net.ServerSocket.accept(ServerSocket.java:430)
	at org.apache.tomcat.util.net.DefaultServerSocketFactory.acceptSocket(DefaultServerSocketFactory.java:61)
	at org.apache.tomcat.util.net.JIoEndpoint$Acceptor.run(JIoEndpoint.java:314)
	at java.lang.Thread.run(Thread.java:662)

   Locked ownable synchronizers:
	- None

"http-127.0.0.1-8080-Acceptor-0" daemon prio=10 tid=0x4548dc00 nid=0x134e runnable [0x493ad000]
   java.lang.Thread.State: RUNNABLE
	at java.net.PlainSocketImpl.socketAccept(Native Method)
	at java.net.PlainSocketImpl.accept(PlainSocketImpl.java:408)
	- locked <0x64f00730> (a java.net.SocksSocketImpl)
	at java.net.ServerSocket.implAccept(ServerSocket.java:462)
	at java.net.ServerSocket.accept(ServerSocket.java:430)
	at org.apache.tomcat.util.net.DefaultServerSocketFactory.acceptSocket(DefaultServerSocketFactory.java:61)
	at org.apache.tomcat.util.net.JIoEndpoint$Acceptor.run(JIoEndpoint.java:314)
	at java.lang.Thread.run(Thread.java:662)

   Locked ownable synchronizers:
	- None

"JBossLifeThread" prio=10 tid=0x455fbc00 nid=0x134d in Object.wait() [0x49a5c000]
   java.lang.Thread.State: WAITING (on object monitor)
	at java.lang.Object.wait(Native Method)
	- waiting on <0x683380f8> (a java.lang.Object)
	at java.lang.Object.wait(Object.java:485)
	at org.jboss.bootstrap.AbstractServerImpl$LifeThread.run(AbstractServerImpl.java:866)
	- locked <0x683380f8> (a java.lang.Object)

   Locked ownable synchronizers:
	- None

"Thread-15" daemon prio=10 tid=0x4e458c00 nid=0x1346 waiting on condition [0x49c83000]
   java.lang.Thread.State: TIMED_WAITING (sleeping)
	at java.lang.Thread.sleep(Native Method)
	at org.jboss.messaging.core.impl.memory.SimpleMemoryManager$MemoryRunnable.run(SimpleMemoryManager.java:126)
	at java.lang.Thread.run(Thread.java:662)

   Locked ownable synchronizers:
	- None

"JCA PoolFiller" prio=10 tid=0x4c9fb800 nid=0x1345 in Object.wait() [0x4d480000]
   java.lang.Thread.State: WAITING (on object monitor)
	at java.lang.Object.wait(Native Method)
	- waiting on <0x66749418> (a java.util.LinkedList)
	at java.lang.Object.wait(Object.java:485)
	at org.jboss.resource.connectionmanager.PoolFiller.run(PoolFiller.java:87)
	- locked <0x66749418> (a java.util.LinkedList)
	at java.lang.Thread.run(Thread.java:662)

   Locked ownable synchronizers:
	- None

"HSQLDB Timer @109851a" daemon prio=10 tid=0x4c864c00 nid=0x1344 in Object.wait() [0x4d4d1000]
   java.lang.Thread.State: TIMED_WAITING (on object monitor)
	at java.lang.Object.wait(Native Method)
	- waiting on <0x65e89728> (a org.hsqldb.lib.HsqlTimer$TaskQueue)
	at org.hsqldb.lib.HsqlTimer$TaskQueue.park(Unknown Source)
	- locked <0x65e89728> (a org.hsqldb.lib.HsqlTimer$TaskQueue)
	at org.hsqldb.lib.HsqlTimer.nextTask(Unknown Source)
	- locked <0x65e89728> (a org.hsqldb.lib.HsqlTimer$TaskQueue)
	at org.hsqldb.lib.HsqlTimer$TaskRunner.run(Unknown Source)
	at java.lang.Thread.run(Thread.java:662)

   Locked ownable synchronizers:
	- None

"DefaultQuartzScheduler_QuartzSchedulerThread" prio=10 tid=0x4a0fb000 nid=0x1343 sleeping[0x49cd4000]
   java.lang.Thread.State: TIMED_WAITING (sleeping)
	at java.lang.Thread.sleep(Native Method)
	at org.quartz.core.QuartzSchedulerThread.run(QuartzSchedulerThread.java:394)

   Locked ownable synchronizers:
	- None

"DefaultQuartzScheduler_Worker-9" prio=10 tid=0x4b15ec00 nid=0x1342 in Object.wait() [0x49d25000]
   java.lang.Thread.State: TIMED_WAITING (on object monitor)
	at java.lang.Object.wait(Native Method)
	- waiting on <0x663b3c98> (a java.lang.Object)
	at org.quartz.simpl.SimpleThreadPool.getNextRunnable(SimpleThreadPool.java:428)
	- locked <0x663b3c98> (a java.lang.Object)
	at org.quartz.simpl.SimpleThreadPool.access$000(SimpleThreadPool.java:47)
	at org.quartz.simpl.SimpleThreadPool$WorkerThread.run(SimpleThreadPool.java:518)

   Locked ownable synchronizers:
	- None

"DefaultQuartzScheduler_Worker-8" prio=10 tid=0x4d515000 nid=0x1341 in Object.wait() [0x49d76000]
   java.lang.Thread.State: TIMED_WAITING (on object monitor)
	at java.lang.Object.wait(Native Method)
	- waiting on <0x663b3c98> (a java.lang.Object)
	at org.quartz.simpl.SimpleThreadPool.getNextRunnable(SimpleThreadPool.java:428)
	- locked <0x663b3c98> (a java.lang.Object)
	at org.quartz.simpl.SimpleThreadPool.access$000(SimpleThreadPool.java:47)
	at org.quartz.simpl.SimpleThreadPool$WorkerThread.run(SimpleThreadPool.java:518)

   Locked ownable synchronizers:
	- None

"DefaultQuartzScheduler_Worker-7" prio=10 tid=0x4a012400 nid=0x1340 in Object.wait() [0x49dc7000]
   java.lang.Thread.State: TIMED_WAITING (on object monitor)
	at java.lang.Object.wait(Native Method)
	- waiting on <0x663b3c98> (a java.lang.Object)
	at org.quartz.simpl.SimpleThreadPool.getNextRunnable(SimpleThreadPool.java:428)
	- locked <0x663b3c98> (a java.lang.Object)
	at org.quartz.simpl.SimpleThreadPool.access$000(SimpleThreadPool.java:47)
	at org.quartz.simpl.SimpleThreadPool$WorkerThread.run(SimpleThreadPool.java:518)

   Locked ownable synchronizers:
	- None

"DefaultQuartzScheduler_Worker-6" prio=10 tid=0x500dfc00 nid=0x133f in Object.wait() [0x49e18000]
   java.lang.Thread.State: TIMED_WAITING (on object monitor)
	at java.lang.Object.wait(Native Method)
	- waiting on <0x663b3c98> (a java.lang.Object)
	at org.quartz.simpl.SimpleThreadPool.getNextRunnable(SimpleThreadPool.java:428)
	- locked <0x663b3c98> (a java.lang.Object)
	at org.quartz.simpl.SimpleThreadPool.access$000(SimpleThreadPool.java:47)
	at org.quartz.simpl.SimpleThreadPool$WorkerThread.run(SimpleThreadPool.java:518)

   Locked ownable synchronizers:
	- None

"DefaultQuartzScheduler_Worker-5" prio=10 tid=0x4e02b000 nid=0x133e in Object.wait() [0x49e69000]
   java.lang.Thread.State: TIMED_WAITING (on object monitor)
	at java.lang.Object.wait(Native Method)
	- waiting on <0x663b3c98> (a java.lang.Object)
	at org.quartz.simpl.SimpleThreadPool.getNextRunnable(SimpleThreadPool.java:428)
	- locked <0x663b3c98> (a java.lang.Object)
	at org.quartz.simpl.SimpleThreadPool.access$000(SimpleThreadPool.java:47)
	at org.quartz.simpl.SimpleThreadPool$WorkerThread.run(SimpleThreadPool.java:518)

   Locked ownable synchronizers:
	- None

"DefaultQuartzScheduler_Worker-4" prio=10 tid=0x4d972c00 nid=0x133d in Object.wait() [0x49eba000]
   java.lang.Thread.State: TIMED_WAITING (on object monitor)
	at java.lang.Object.wait(Native Method)
	- waiting on <0x663b3c98> (a java.lang.Object)
	at org.quartz.simpl.SimpleThreadPool.getNextRunnable(SimpleThreadPool.java:428)
	- locked <0x663b3c98> (a java.lang.Object)
	at org.quartz.simpl.SimpleThreadPool.access$000(SimpleThreadPool.java:47)
	at org.quartz.simpl.SimpleThreadPool$WorkerThread.run(SimpleThreadPool.java:518)

   Locked ownable synchronizers:
	- None

"DefaultQuartzScheduler_Worker-3" prio=10 tid=0x4fae2400 nid=0x133c in Object.wait() [0x49f0b000]
   java.lang.Thread.State: TIMED_WAITING (on object monitor)
	at java.lang.Object.wait(Native Method)
	- waiting on <0x663b3c98> (a java.lang.Object)
	at org.quartz.simpl.SimpleThreadPool.getNextRunnable(SimpleThreadPool.java:428)
	- locked <0x663b3c98> (a java.lang.Object)
	at org.quartz.simpl.SimpleThreadPool.access$000(SimpleThreadPool.java:47)
	at org.quartz.simpl.SimpleThreadPool$WorkerThread.run(SimpleThreadPool.java:518)

   Locked ownable synchronizers:
	- None

"DefaultQuartzScheduler_Worker-2" prio=10 tid=0x4cfafc00 nid=0x133b in Object.wait() [0x49f5c000]
   java.lang.Thread.State: TIMED_WAITING (on object monitor)
	at java.lang.Object.wait(Native Method)
	- waiting on <0x663b3c98> (a java.lang.Object)
	at org.quartz.simpl.SimpleThreadPool.getNextRunnable(SimpleThreadPool.java:428)
	- locked <0x663b3c98> (a java.lang.Object)
	at org.quartz.simpl.SimpleThreadPool.access$000(SimpleThreadPool.java:47)
	at org.quartz.simpl.SimpleThreadPool$WorkerThread.run(SimpleThreadPool.java:518)

   Locked ownable synchronizers:
	- None

"DefaultQuartzScheduler_Worker-1" prio=10 tid=0x4a21b000 nid=0x133a in Object.wait() [0x49fad000]
   java.lang.Thread.State: TIMED_WAITING (on object monitor)
	at java.lang.Object.wait(Native Method)
	- waiting on <0x663b3c98> (a java.lang.Object)
	at org.quartz.simpl.SimpleThreadPool.getNextRunnable(SimpleThreadPool.java:428)
	- locked <0x663b3c98> (a java.lang.Object)
	at org.quartz.simpl.SimpleThreadPool.access$000(SimpleThreadPool.java:47)
	at org.quartz.simpl.SimpleThreadPool$WorkerThread.run(SimpleThreadPool.java:518)

   Locked ownable synchronizers:
	- None

"DefaultQuartzScheduler_Worker-0" prio=10 tid=0x4c46e000 nid=0x1339 in Object.wait() [0x4a65c000]
   java.lang.Thread.State: TIMED_WAITING (on object monitor)
	at java.lang.Object.wait(Native Method)
	- waiting on <0x663b3c98> (a java.lang.Object)
	at org.quartz.simpl.SimpleThreadPool.getNextRunnable(SimpleThreadPool.java:428)
	- locked <0x663b3c98> (a java.lang.Object)
	at org.quartz.simpl.SimpleThreadPool.access$000(SimpleThreadPool.java:47)
	at org.quartz.simpl.SimpleThreadPool$WorkerThread.run(SimpleThreadPool.java:518)

   Locked ownable synchronizers:
	- None

"WorkManager(2)-1" daemon prio=10 tid=0x4a421000 nid=0x1338 waiting on condition [0x49ffe000]
   java.lang.Thread.State: WAITING (parking)
	at sun.misc.Unsafe.park(Native Method)
	- parking to wait for  <0x65c64fa0> (a java.util.concurrent.locks.AbstractQueuedSynchronizer$ConditionObject)
	at java.util.concurrent.locks.LockSupport.park(LockSupport.java:156)
	at java.util.concurrent.locks.AbstractQueuedSynchronizer$ConditionObject.await(AbstractQueuedSynchronizer.java:1987)
	at java.util.concurrent.PriorityBlockingQueue.take(PriorityBlockingQueue.java:220)
	at org.jboss.resource.adapter.mail.inflow.NewMsgsWorker.run(NewMsgsWorker.java:76)
	at org.jboss.resource.work.WorkWrapper.execute(WorkWrapper.java:205)
	at org.jboss.util.threadpool.BasicTaskWrapper.run(BasicTaskWrapper.java:260)
	at java.util.concurrent.ThreadPoolExecutor$Worker.runTask(ThreadPoolExecutor.java:886)
	at java.util.concurrent.ThreadPoolExecutor$Worker.run(ThreadPoolExecutor.java:908)
	at java.lang.Thread.run(Thread.java:662)

   Locked ownable synchronizers:
	- <0x65c60da0> (a java.util.concurrent.locks.ReentrantLock$NonfairSync)

"AOPListner" daemon prio=10 tid=0x4bb1a400 nid=0x1337 waiting on condition [0x4a6ad000]
   java.lang.Thread.State: TIMED_WAITING (sleeping)
	at java.lang.Thread.sleep(Native Method)
	at org.jboss.console.plugins.AOPLister$RefreshPoller.run(AOPLister.java:898)

   Locked ownable synchronizers:
	- None

"ContainerBackgroundProcessor[StandardEngine[jboss.web]]" daemon prio=10 tid=0x4ae0b000 nid=0x1336 waiting on condition [0x4a6fe000]
   java.lang.Thread.State: TIMED_WAITING (sleeping)
	at java.lang.Thread.sleep(Native Method)
	at org.apache.catalina.core.ContainerBase$ContainerBackgroundProcessor.run(ContainerBase.java:1590)
	at java.lang.Thread.run(Thread.java:662)

   Locked ownable synchronizers:
	- None

"PooledInvokerAcceptor#0-4445" prio=10 tid=0x4d3e8400 nid=0x1335 runnable [0x4b05c000]
   java.lang.Thread.State: RUNNABLE
	at java.net.PlainSocketImpl.socketAccept(Native Method)
	at java.net.PlainSocketImpl.accept(PlainSocketImpl.java:408)
	- locked <0x644e4860> (a java.net.SocksSocketImpl)
	at java.net.ServerSocket.implAccept(ServerSocket.java:462)
	at java.net.ServerSocket.accept(ServerSocket.java:430)
	at org.jboss.invocation.pooled.server.PooledInvoker.run(PooledInvoker.java:262)
	at java.lang.Thread.run(Thread.java:662)

   Locked ownable synchronizers:
	- None

"RMI TCP Accept-4444" daemon prio=10 tid=0x4c02c800 nid=0x1334 runnable [0x4b0ad000]
   java.lang.Thread.State: RUNNABLE
	at java.net.PlainSocketImpl.socketAccept(Native Method)
	at java.net.PlainSocketImpl.accept(PlainSocketImpl.java:408)
	- locked <0x76277960> (a java.net.SocksSocketImpl)
	at java.net.ServerSocket.implAccept(ServerSocket.java:462)
	at java.net.ServerSocket.accept(ServerSocket.java:430)
	at sun.rmi.transport.tcp.TCPTransport$AcceptLoop.executeAcceptLoop(TCPTransport.java:369)
	at sun.rmi.transport.tcp.TCPTransport$AcceptLoop.run(TCPTransport.java:341)
	at java.lang.Thread.run(Thread.java:662)

   Locked ownable synchronizers:
	- None

"Thread-12" prio=10 tid=0x4d719800 nid=0x1333 in Object.wait() [0x4b0fe000]
   java.lang.Thread.State: TIMED_WAITING (on object monitor)
	at java.lang.Object.wait(Native Method)
	- waiting on <0x64f06130> (a java.lang.Object)
	at com.arjuna.ats.internal.arjuna.recovery.PeriodicRecovery.doPeriodicWait(PeriodicRecovery.java:675)
	at com.arjuna.ats.internal.arjuna.recovery.PeriodicRecovery.run(PeriodicRecovery.java:434)
	- locked <0x64f06130> (a java.lang.Object)

   Locked ownable synchronizers:
	- None

"Listener:4712" daemon prio=10 tid=0x4e972800 nid=0x1332 runnable [0x4b45c000]
   java.lang.Thread.State: RUNNABLE
	at java.net.PlainSocketImpl.socketAccept(Native Method)
	at java.net.PlainSocketImpl.accept(PlainSocketImpl.java:408)
	- locked <0x64f06968> (a java.net.SocksSocketImpl)
	at java.net.ServerSocket.implAccept(ServerSocket.java:462)
	at java.net.ServerSocket.accept(ServerSocket.java:430)
	at com.arjuna.ats.internal.arjuna.recovery.Listener.run(Listener.java:118)

   Locked ownable synchronizers:
	- None

"Thread-11" daemon prio=10 tid=0x4b323800 nid=0x1330 waiting on condition [0x4bc5c000]
   java.lang.Thread.State: TIMED_WAITING (sleeping)
	at java.lang.Thread.sleep(Native Method)
	at com.arjuna.ats.internal.arjuna.recovery.ExpiredEntryMonitor.run(ExpiredEntryMonitor.java:237)

   Locked ownable synchronizers:
	- None

"Thread-10" daemon prio=10 tid=0x4e819800 nid=0x132f in Object.wait() [0x4b4ad000]
   java.lang.Thread.State: WAITING (on object monitor)
	at java.lang.Object.wait(Native Method)
	- waiting on <0x64f78b18> (a java.util.LinkedList)
	at java.lang.Object.wait(Object.java:485)
	at com.arjuna.ats.arjuna.coordinator.TransactionReaper.waitForCancellations(TransactionReaper.java:397)
	- locked <0x64f78b18> (a java.util.LinkedList)
	at com.arjuna.ats.internal.arjuna.coordinator.ReaperWorkerThread.run(ReaperWorkerThread.java:74)

   Locked ownable synchronizers:
	- None

"Thread-9" daemon prio=10 tid=0x4cb20800 nid=0x132e in Object.wait() [0x4b4fe000]
   java.lang.Thread.State: TIMED_WAITING (on object monitor)
	at java.lang.Object.wait(Native Method)
	- waiting on <0x64f78b30> (a com.arjuna.ats.arjuna.coordinator.TransactionReaper)
	at com.arjuna.ats.internal.arjuna.coordinator.ReaperThread.run(ReaperThread.java:104)
	- locked <0x64f78b30> (a com.arjuna.ats.arjuna.coordinator.TransactionReaper)

   Locked ownable synchronizers:
	- None

"Listener:4713" daemon prio=10 tid=0x4f075400 nid=0x132d runnable [0x4bcad000]
   java.lang.Thread.State: RUNNABLE
	at java.net.PlainSocketImpl.socketAccept(Native Method)
	at java.net.PlainSocketImpl.accept(PlainSocketImpl.java:408)
	- locked <0x64f91810> (a java.net.SocksSocketImpl)
	at java.net.ServerSocket.implAccept(ServerSocket.java:462)
	at java.net.ServerSocket.accept(ServerSocket.java:430)
	at com.arjuna.ats.internal.arjuna.recovery.Listener.run(Listener.java:118)

   Locked ownable synchronizers:
	- None

"AcceptorThread[ServerSocket[addr=/127.0.0.1,port=0,localport=4446]]" prio=10 tid=0x4d3ba000 nid=0x132c runnable [0x4bcfe000]
   java.lang.Thread.State: RUNNABLE
	at java.net.PlainSocketImpl.socketAccept(Native Method)
	at java.net.PlainSocketImpl.accept(PlainSocketImpl.java:408)
	- locked <0x65ef7b28> (a java.net.SocksSocketImpl)
	at java.net.ServerSocket.implAccept(ServerSocket.java:462)
	at java.net.ServerSocket.accept(ServerSocket.java:430)
	at org.jboss.remoting.transport.socket.SocketServerInvoker.accept(SocketServerInvoker.java:1169)
	at org.jboss.remoting.transport.socket.SocketServerInvoker.access$200(SocketServerInvoker.java:69)
	at org.jboss.remoting.transport.socket.SocketServerInvoker$AcceptThread.run(SocketServerInvoker.java:1080)

   Locked ownable synchronizers:
	- None

"ServerSocketRefresh" daemon prio=10 tid=0x4d3b0800 nid=0x132b in Object.wait() [0x4d050000]
   java.lang.Thread.State: WAITING (on object monitor)
	at java.lang.Object.wait(Native Method)
	- waiting on <0x65efc9a0> (a java.lang.Object)
	at java.lang.Object.wait(Object.java:485)
	at org.jboss.remoting.transport.socket.SocketServerInvoker$ServerSocketRefresh.run(SocketServerInvoker.java:904)
	- locked <0x65efc9a0> (a java.lang.Object)

   Locked ownable synchronizers:
	- None

"HDScanner" prio=10 tid=0x4d7e0000 nid=0x132a waiting on condition [0x4d0a1000]
   java.lang.Thread.State: TIMED_WAITING (parking)
	at sun.misc.Unsafe.park(Native Method)
	- parking to wait for  <0x65bae548> (a java.util.concurrent.locks.AbstractQueuedSynchronizer$ConditionObject)
	at java.util.concurrent.locks.LockSupport.parkNanos(LockSupport.java:196)
	at java.util.concurrent.locks.AbstractQueuedSynchronizer$ConditionObject.awaitNanos(AbstractQueuedSynchronizer.java:2025)
	at java.util.concurrent.DelayQueue.take(DelayQueue.java:164)
	at java.util.concurrent.ScheduledThreadPoolExecutor$DelayedWorkQueue.take(ScheduledThreadPoolExecutor.java:609)
	at java.util.concurrent.ScheduledThreadPoolExecutor$DelayedWorkQueue.take(ScheduledThreadPoolExecutor.java:602)
	at java.util.concurrent.ThreadPoolExecutor.getTask(ThreadPoolExecutor.java:947)
	at java.util.concurrent.ThreadPoolExecutor$Worker.run(ThreadPoolExecutor.java:907)
	at java.lang.Thread.run(Thread.java:662)

   Locked ownable synchronizers:
	- None

"AcceptorThread[ServerSocket[addr=/127.0.0.1,port=0,localport=3873]]" prio=10 tid=0x4d355800 nid=0x1329 runnable [0x4d0f2000]
   java.lang.Thread.State: RUNNABLE
	at java.net.PlainSocketImpl.socketAccept(Native Method)
	at java.net.PlainSocketImpl.accept(PlainSocketImpl.java:408)
	- locked <0x6601df38> (a java.net.SocksSocketImpl)
	at java.net.ServerSocket.implAccept(ServerSocket.java:462)
	at java.net.ServerSocket.accept(ServerSocket.java:430)
	at org.jboss.remoting.transport.socket.SocketServerInvoker.accept(SocketServerInvoker.java:1169)
	at org.jboss.remoting.transport.socket.SocketServerInvoker.access$200(SocketServerInvoker.java:69)
	at org.jboss.remoting.transport.socket.SocketServerInvoker$AcceptThread.run(SocketServerInvoker.java:1080)

   Locked ownable synchronizers:
	- None

"ServerSocketRefresh" daemon prio=10 tid=0x4d3c6000 nid=0x1328 in Object.wait() [0x4d19a000]
   java.lang.Thread.State: WAITING (on object monitor)
	at java.lang.Object.wait(Native Method)
	- waiting on <0x6601e480> (a java.lang.Object)
	at java.lang.Object.wait(Object.java:485)
	at org.jboss.remoting.transport.socket.SocketServerInvoker$ServerSocketRefresh.run(SocketServerInvoker.java:904)
	- locked <0x6601e480> (a java.lang.Object)

   Locked ownable synchronizers:
	- None

"secondaryServerSocketThread[0]" daemon prio=10 tid=0x4f2cdc00 nid=0x1327 runnable [0x4d1eb000]
   java.lang.Thread.State: RUNNABLE
	at java.net.PlainSocketImpl.socketAccept(Native Method)
	at java.net.PlainSocketImpl.accept(PlainSocketImpl.java:408)
	- locked <0x66532bd8> (a java.net.SocksSocketImpl)
	at java.net.ServerSocket.implAccept(ServerSocket.java:462)
	at java.net.ServerSocket.accept(ServerSocket.java:430)
	at org.jboss.remoting.transport.bisocket.BisocketServerInvoker$SecondaryServerSocketThread$1.run(BisocketServerInvoker.java:1187)
	at java.security.AccessController.doPrivileged(Native Method)
	at org.jboss.remoting.transport.bisocket.BisocketServerInvoker$SecondaryServerSocketThread.run(BisocketServerInvoker.java:1183)

   Locked ownable synchronizers:
	- None

"AcceptorThread[ServerSocket[addr=/127.0.0.1,port=0,localport=4457]]" prio=10 tid=0x50488800 nid=0x1326 runnable [0x4d23c000]
   java.lang.Thread.State: RUNNABLE
	at java.net.PlainSocketImpl.socketAccept(Native Method)
	at java.net.PlainSocketImpl.accept(PlainSocketImpl.java:408)
	- locked <0x66531ed0> (a java.net.SocksSocketImpl)
	at java.net.ServerSocket.implAccept(ServerSocket.java:462)
	at java.net.ServerSocket.accept(ServerSocket.java:430)
	at org.jboss.remoting.transport.socket.SocketServerInvoker.accept(SocketServerInvoker.java:1169)
	at org.jboss.remoting.transport.socket.SocketServerInvoker.access$200(SocketServerInvoker.java:69)
	at org.jboss.remoting.transport.socket.SocketServerInvoker$AcceptThread.run(SocketServerInvoker.java:1080)

   Locked ownable synchronizers:
	- None

"ServerSocketRefresh" daemon prio=10 tid=0x4d74e400 nid=0x1325 in Object.wait() [0x4d28d000]
   java.lang.Thread.State: WAITING (on object monitor)
	at java.lang.Object.wait(Native Method)
	- waiting on <0x66532a68> (a java.lang.Object)
	at java.lang.Object.wait(Object.java:485)
	at org.jboss.remoting.transport.socket.SocketServerInvoker$ServerSocketRefresh.run(SocketServerInvoker.java:904)
	- locked <0x66532a68> (a java.lang.Object)

   Locked ownable synchronizers:
	- None

"JBoss System Threads(1)-2" daemon prio=10 tid=0x4dcf8800 nid=0x1324 runnable [0x4de5c000]
   java.lang.Thread.State: RUNNABLE
	at java.net.PlainSocketImpl.socketAccept(Native Method)
	at java.net.PlainSocketImpl.accept(PlainSocketImpl.java:408)
	- locked <0x64f9f028> (a java.net.SocksSocketImpl)
	at java.net.ServerSocket.implAccept(ServerSocket.java:462)
	at java.net.ServerSocket.accept(ServerSocket.java:430)
	at org.jnp.server.Main$AcceptHandler.run(Main.java:597)
	at org.jboss.util.threadpool.RunnableTaskWrapper.run(RunnableTaskWrapper.java:147)
	at java.util.concurrent.ThreadPoolExecutor$Worker.runTask(ThreadPoolExecutor.java:886)
	at java.util.concurrent.ThreadPoolExecutor$Worker.run(ThreadPoolExecutor.java:908)
	at java.lang.Thread.run(Thread.java:662)

   Locked ownable synchronizers:
	- <0x64f9f1b0> (a java.util.concurrent.locks.ReentrantLock$NonfairSync)

"GC Daemon" daemon prio=10 tid=0x4fa0d000 nid=0x1323 in Object.wait() [0x4dead000]
   java.lang.Thread.State: TIMED_WAITING (on object monitor)
	at java.lang.Object.wait(Native Method)
	- waiting on <0x6212bff8> (a sun.misc.GC$LatencyLock)
	at sun.misc.GC$Daemon.run(GC.java:100)
	- locked <0x6212bff8> (a sun.misc.GC$LatencyLock)

   Locked ownable synchronizers:
	- None

"RMI Reaper" prio=10 tid=0x4f0e3400 nid=0x1322 in Object.wait() [0x4defe000]
   java.lang.Thread.State: WAITING (on object monitor)
	at java.lang.Object.wait(Native Method)
	- waiting on <0x62120100> (a java.lang.ref.ReferenceQueue$Lock)
	at java.lang.ref.ReferenceQueue.remove(ReferenceQueue.java:118)
	- locked <0x62120100> (a java.lang.ref.ReferenceQueue$Lock)
	at java.lang.ref.ReferenceQueue.remove(ReferenceQueue.java:134)
	at sun.rmi.transport.ObjectTable$Reaper.run(ObjectTable.java:333)
	at java.lang.Thread.run(Thread.java:662)

   Locked ownable synchronizers:
	- None

"RMI TCP Accept-1098" daemon prio=10 tid=0x4e2f9400 nid=0x1321 runnable [0x4f45c000]
   java.lang.Thread.State: RUNNABLE
	at java.net.PlainSocketImpl.socketAccept(Native Method)
	at java.net.PlainSocketImpl.accept(PlainSocketImpl.java:408)
	- locked <0x62124080> (a java.net.SocksSocketImpl)
	at java.net.ServerSocket.implAccept(ServerSocket.java:462)
	at java.net.ServerSocket.accept(ServerSocket.java:430)
	at sun.rmi.transport.tcp.TCPTransport$AcceptLoop.executeAcceptLoop(TCPTransport.java:369)
	at sun.rmi.transport.tcp.TCPTransport$AcceptLoop.run(TCPTransport.java:341)
	at java.lang.Thread.run(Thread.java:662)

   Locked ownable synchronizers:
	- None

"JBoss System Threads(1)-1" daemon prio=10 tid=0x4fafe400 nid=0x1320 runnable [0x4f4ad000]
   java.lang.Thread.State: RUNNABLE
	at java.net.PlainSocketImpl.socketAccept(Native Method)
	at java.net.PlainSocketImpl.accept(PlainSocketImpl.java:408)
	- locked <0x621201a8> (a java.net.SocksSocketImpl)
	at java.net.ServerSocket.implAccept(ServerSocket.java:462)
	at java.net.ServerSocket.accept(ServerSocket.java:430)
	at org.jboss.web.WebServer.run(WebServer.java:320)
	at org.jboss.util.threadpool.RunnableTaskWrapper.run(RunnableTaskWrapper.java:147)
	at java.util.concurrent.ThreadPoolExecutor$Worker.runTask(ThreadPoolExecutor.java:886)
	at java.util.concurrent.ThreadPoolExecutor$Worker.run(ThreadPoolExecutor.java:908)
	at java.lang.Thread.run(Thread.java:662)

   Locked ownable synchronizers:
	- <0x62120348> (a java.util.concurrent.locks.ReentrantLock$NonfairSync)

"Timer-Log4jService" daemon prio=10 tid=0x50041800 nid=0x131f in Object.wait() [0x4f4fe000]
   java.lang.Thread.State: TIMED_WAITING (on object monitor)
	at java.lang.Object.wait(Native Method)
	- waiting on <0x6212c078> (a java.util.TaskQueue)
	at java.util.TimerThread.mainLoop(Timer.java:509)
	- locked <0x6212c078> (a java.util.TaskQueue)
	at java.util.TimerThread.run(Timer.java:462)

   Locked ownable synchronizers:
	- None

"AuthenticationCacheFlushThread" prio=10 tid=0x4dbff400 nid=0x131e waiting on condition [0x501ea000]
   java.lang.Thread.State: TIMED_WAITING (sleeping)
	at java.lang.Thread.sleep(Native Method)
	at org.jboss.security.auth.AuthenticationCacheFlushThread.run(AuthenticationCacheFlushThread.java:83)

   Locked ownable synchronizers:
	- None

"Timer-0" daemon prio=10 tid=0x5043ec00 nid=0x131c in Object.wait() [0x505d9000]
   java.lang.Thread.State: TIMED_WAITING (on object monitor)
	at java.lang.Object.wait(Native Method)
	- waiting on <0x6212c288> (a java.util.TaskQueue)
	at java.util.TimerThread.mainLoop(Timer.java:509)
	- locked <0x6212c288> (a java.util.TaskQueue)
	at java.util.TimerThread.run(Timer.java:462)

   Locked ownable synchronizers:
	- None

"DestroyJavaVM" prio=10 tid=0xb6a05400 nid=0x130e waiting on condition [0x00000000]
   java.lang.Thread.State: RUNNABLE

   Locked ownable synchronizers:
	- None

"Low Memory Detector" daemon prio=10 tid=0xb6ac5800 nid=0x1319 runnable [0x00000000]
   java.lang.Thread.State: RUNNABLE

   Locked ownable synchronizers:
	- None

"C2 CompilerThread1" daemon prio=10 tid=0xb6ac3c00 nid=0x1318 waiting on condition [0x00000000]
   java.lang.Thread.State: RUNNABLE

   Locked ownable synchronizers:
	- None

"C2 CompilerThread0" daemon prio=10 tid=0xb6ac1c00 nid=0x1317 waiting on condition [0x00000000]
   java.lang.Thread.State: RUNNABLE

   Locked ownable synchronizers:
	- None

"Signal Dispatcher" daemon prio=10 tid=0xb6ac0400 nid=0x1316 runnable [0x00000000]
   java.lang.Thread.State: RUNNABLE

   Locked ownable synchronizers:
	- None

"Finalizer" daemon prio=10 tid=0xb6ab2000 nid=0x1315 in Object.wait() [0x5197d000]
   java.lang.Thread.State: WAITING (on object monitor)
	at java.lang.Object.wait(Native Method)
	- waiting on <0x621243f0> (a java.lang.ref.ReferenceQueue$Lock)
	at java.lang.ref.ReferenceQueue.remove(ReferenceQueue.java:118)
	- locked <0x621243f0> (a java.lang.ref.ReferenceQueue$Lock)
	at java.lang.ref.ReferenceQueue.remove(ReferenceQueue.java:134)
	at java.lang.ref.Finalizer$FinalizerThread.run(Finalizer.java:159)

   Locked ownable synchronizers:
	- None

"Reference Handler" daemon prio=10 tid=0xb6ab0800 nid=0x1314 in Object.wait() [0x511e2000]
   java.lang.Thread.State: WAITING (on object monitor)
	at java.lang.Object.wait(Native Method)
	- waiting on <0x6212bfe8> (a java.lang.ref.Reference$Lock)
	at java.lang.Object.wait(Object.java:485)
	at java.lang.ref.Reference$ReferenceHandler.run(Reference.java:116)
	- locked <0x6212bfe8> (a java.lang.ref.Reference$Lock)

   Locked ownable synchronizers:
	- None

"VM Thread" prio=10 tid=0xb6aacc00 nid=0x1313 runnable 

"GC task thread#0 (ParallelGC)" prio=10 tid=0xb6a0cc00 nid=0x130f runnable 

"GC task thread#1 (ParallelGC)" prio=10 tid=0xb6a0e400 nid=0x1310 runnable 

"GC task thread#2 (ParallelGC)" prio=10 tid=0xb6a0f800 nid=0x1311 runnable 

"GC task thread#3 (ParallelGC)" prio=10 tid=0xb6a11000 nid=0x1312 runnable 

"VM Periodic Task Thread" prio=10 tid=0xb6acf800 nid=0x131a waiting on condition 

JNI global references: 1850

