2012-06-28 11:05:19
Full thread dump OpenJDK Server VM (20.0-b11 mixed mode):

"Attach Listener" daemon prio=10 tid=0x6a703c00 nid=0x20c5 waiting on condition [0x00000000]
   java.lang.Thread.State: RUNNABLE

   Locked ownable synchronizers:
	- None

"DestroyJavaVM" prio=10 tid=0xb6904c00 nid=0x2082 waiting on condition [0x00000000]
   java.lang.Thread.State: RUNNABLE

   Locked ownable synchronizers:
	- None

"jvm-hang-lab-3-2" prio=10 tid=0xb69e5c00 nid=0x2090 waiting for monitor entry [0x6a42c000]
   java.lang.Thread.State: BLOCKED (on object monitor)
	at com.kylin.troubleshooting.hang.deadlock.Resource.lockInternal(Resource.java:26)
	- waiting to lock <0x9e32be50> (a com.kylin.troubleshooting.hang.deadlock.Resource)
	at com.kylin.troubleshooting.hang.deadlock.Resource.lock(Resource.java:21)
	- locked <0x9e32be40> (a com.kylin.troubleshooting.hang.deadlock.Resource)
	at com.kylin.troubleshooting.hang.deadlock.ResourceThread.run(ResourceThread.java:28)
	at java.lang.Thread.run(Thread.java:679)

   Locked ownable synchronizers:
	- None

"jvm-hang-lab-3-1" prio=10 tid=0xb69e4800 nid=0x208f waiting for monitor entry [0x6a47d000]
   java.lang.Thread.State: BLOCKED (on object monitor)
	at com.kylin.troubleshooting.hang.deadlock.Resource.lockInternal(Resource.java:26)
	- waiting to lock <0x9e32be40> (a com.kylin.troubleshooting.hang.deadlock.Resource)
	at com.kylin.troubleshooting.hang.deadlock.Resource.lock(Resource.java:21)
	- locked <0x9e32be50> (a com.kylin.troubleshooting.hang.deadlock.Resource)
	at com.kylin.troubleshooting.hang.deadlock.ResourceThread.run(ResourceThread.java:26)
	at java.lang.Thread.run(Thread.java:679)

   Locked ownable synchronizers:
	- None

"Low Memory Detector" daemon prio=10 tid=0xb69c7c00 nid=0x208d runnable [0x00000000]
   java.lang.Thread.State: RUNNABLE

   Locked ownable synchronizers:
	- None

"C2 CompilerThread1" daemon prio=10 tid=0xb69c6000 nid=0x208c waiting on condition [0x00000000]
   java.lang.Thread.State: RUNNABLE

   Locked ownable synchronizers:
	- None

"C2 CompilerThread0" daemon prio=10 tid=0xb69c4000 nid=0x208b waiting on condition [0x00000000]
   java.lang.Thread.State: RUNNABLE

   Locked ownable synchronizers:
	- None

"Signal Dispatcher" daemon prio=10 tid=0xb69c2c00 nid=0x208a runnable [0x00000000]
   java.lang.Thread.State: RUNNABLE

   Locked ownable synchronizers:
	- None

"Finalizer" daemon prio=10 tid=0xb69b3400 nid=0x2089 in Object.wait() [0x6b17d000]
   java.lang.Thread.State: WAITING (on object monitor)
	at java.lang.Object.wait(Native Method)
	- waiting on <0x9e2e1160> (a java.lang.ref.ReferenceQueue$Lock)
	at java.lang.ref.ReferenceQueue.remove(ReferenceQueue.java:133)
	- locked <0x9e2e1160> (a java.lang.ref.ReferenceQueue$Lock)
	at java.lang.ref.ReferenceQueue.remove(ReferenceQueue.java:149)
	at java.lang.ref.Finalizer$FinalizerThread.run(Finalizer.java:177)

   Locked ownable synchronizers:
	- None

"Reference Handler" daemon prio=10 tid=0xb69b1c00 nid=0x2088 in Object.wait() [0x6aaed000]
   java.lang.Thread.State: WAITING (on object monitor)
	at java.lang.Object.wait(Native Method)
	- waiting on <0x9e2e1060> (a java.lang.ref.Reference$Lock)
	at java.lang.Object.wait(Object.java:502)
	at java.lang.ref.Reference$ReferenceHandler.run(Reference.java:133)
	- locked <0x9e2e1060> (a java.lang.ref.Reference$Lock)

   Locked ownable synchronizers:
	- None

"VM Thread" prio=10 tid=0xb69ae000 nid=0x2087 runnable 

"GC task thread#0 (ParallelGC)" prio=10 tid=0xb690c000 nid=0x2083 runnable 

"GC task thread#1 (ParallelGC)" prio=10 tid=0xb690d800 nid=0x2084 runnable 

"GC task thread#2 (ParallelGC)" prio=10 tid=0xb690ec00 nid=0x2085 runnable 

"GC task thread#3 (ParallelGC)" prio=10 tid=0xb6910400 nid=0x2086 runnable 

"VM Periodic Task Thread" prio=10 tid=0xb69c9c00 nid=0x208e waiting on condition 

JNI global references: 863


Found one Java-level deadlock:
=============================
"jvm-hang-lab-3-2":
  waiting to lock monitor 0x6a702064 (object 0x9e32be50, a com.kylin.troubleshooting.hang.deadlock.Resource),
  which is held by "jvm-hang-lab-3-1"
"jvm-hang-lab-3-1":
  waiting to lock monitor 0x6a703644 (object 0x9e32be40, a com.kylin.troubleshooting.hang.deadlock.Resource),
  which is held by "jvm-hang-lab-3-2"

Java stack information for the threads listed above:
===================================================
"jvm-hang-lab-3-2":
	at com.kylin.troubleshooting.hang.deadlock.Resource.lockInternal(Resource.java:26)
	- waiting to lock <0x9e32be50> (a com.kylin.troubleshooting.hang.deadlock.Resource)
	at com.kylin.troubleshooting.hang.deadlock.Resource.lock(Resource.java:21)
	- locked <0x9e32be40> (a com.kylin.troubleshooting.hang.deadlock.Resource)
	at com.kylin.troubleshooting.hang.deadlock.ResourceThread.run(ResourceThread.java:28)
	at java.lang.Thread.run(Thread.java:679)
"jvm-hang-lab-3-1":
	at com.kylin.troubleshooting.hang.deadlock.Resource.lockInternal(Resource.java:26)
	- waiting to lock <0x9e32be40> (a com.kylin.troubleshooting.hang.deadlock.Resource)
	at com.kylin.troubleshooting.hang.deadlock.Resource.lock(Resource.java:21)
	- locked <0x9e32be50> (a com.kylin.troubleshooting.hang.deadlock.Resource)
	at com.kylin.troubleshooting.hang.deadlock.ResourceThread.run(ResourceThread.java:26)
	at java.lang.Thread.run(Thread.java:679)

Found 1 deadlock.

